This file contains any messages produced by compilers while
running configure, to aid debugging if configure makes a mistake.

It was created by libvmod-snw configure 0.1, which was
generated by GNU Autoconf 2.69.  Invocation command line was

  $ ./configure 

## --------- ##
## Platform. ##
## --------- ##

hostname = TruongLX
uname -m = x86_64
uname -r = 3.19.0-66-generic
uname -s = Linux
uname -v = #74~14.04.1-Ubuntu SMP Tue Jul 19 19:56:11 UTC 2016

/usr/bin/uname -p = unknown
/bin/uname -X     = unknown

/bin/arch              = unknown
/usr/bin/arch -k       = unknown
/usr/convex/getsysinfo = unknown
/usr/bin/hostinfo      = unknown
/bin/machine           = unknown
/usr/bin/oslevel       = unknown
/bin/universe          = unknown

PATH: /home/truonglx/Android/Sdk/platform-tools
PATH: /home/truonglx/bin
PATH: /home/truonglx/bin
PATH: /home/truonglx/Android/Sdk/platform-tools
PATH: /home/truonglx/bin
PATH: /usr/local/sbin
PATH: /usr/local/bin
PATH: /usr/sbin
PATH: /usr/bin
PATH: /sbin
PATH: /bin
PATH: /usr/games
PATH: /usr/local/games
PATH: /home/truonglx/bin
PATH: /usr/lib/jvm/java-7-openjdk-amd64/bin


## ----------- ##
## Core tests. ##
## ----------- ##

configure:2402: checking for a BSD-compatible install
configure:2470: result: /usr/bin/install -c
configure:2481: checking whether build environment is sane
configure:2536: result: yes
configure:2687: checking for a thread-safe mkdir -p
configure:2726: result: /bin/mkdir -p
configure:2733: checking for gawk
configure:2763: result: no
configure:2733: checking for mawk
configure:2749: found /usr/bin/mawk
configure:2760: result: mawk
configure:2771: checking whether make sets $(MAKE)
configure:2793: result: yes
configure:2822: checking whether make supports nested variables
configure:2839: result: yes
configure:2975: checking whether make supports nested variables
configure:2992: result: yes
configure:3015: checking for style of include used by make
configure:3043: result: GNU
configure:3114: checking for gcc
configure:3130: found /usr/bin/gcc
configure:3141: result: gcc
configure:3370: checking for C compiler version
configure:3379: gcc --version >&5
gcc (Ubuntu 4.8.4-2ubuntu1~14.04.3) 4.8.4
Copyright (C) 2013 Free Software Foundation, Inc.
This is free software; see the source for copying conditions.  There is NO
warranty; not even for MERCHANTABILITY or FITNESS FOR A PARTICULAR PURPOSE.

configure:3390: $? = 0
configure:3379: gcc -v >&5
Using built-in specs.
COLLECT_GCC=gcc
COLLECT_LTO_WRAPPER=/usr/lib/gcc/x86_64-linux-gnu/4.8/lto-wrapper
Target: x86_64-linux-gnu
Configured with: ../src/configure -v --with-pkgversion='Ubuntu 4.8.4-2ubuntu1~14.04.3' --with-bugurl=file:///usr/share/doc/gcc-4.8/README.Bugs --enable-languages=c,c++,java,go,d,fortran,objc,obj-c++ --prefix=/usr --program-suffix=-4.8 --enable-shared --enable-linker-build-id --libexecdir=/usr/lib --without-included-gettext --enable-threads=posix --with-gxx-include-dir=/usr/include/c++/4.8 --libdir=/usr/lib --enable-nls --with-sysroot=/ --enable-clocale=gnu --enable-libstdcxx-debug --enable-libstdcxx-time=yes --enable-gnu-unique-object --disable-libmudflap --enable-plugin --with-system-zlib --disable-browser-plugin --enable-java-awt=gtk --enable-gtk-cairo --with-java-home=/usr/lib/jvm/java-1.5.0-gcj-4.8-amd64/jre --enable-java-home --with-jvm-root-dir=/usr/lib/jvm/java-1.5.0-gcj-4.8-amd64 --with-jvm-jar-dir=/usr/lib/jvm-exports/java-1.5.0-gcj-4.8-amd64 --with-arch-directory=amd64 --with-ecj-jar=/usr/share/java/eclipse-ecj.jar --enable-objc-gc --enable-multiarch --disable-werror --with-arch-32=i686 --with-abi=m64 --with-multilib-list=m32,m64,mx32 --with-tune=generic --enable-checking=release --build=x86_64-linux-gnu --host=x86_64-linux-gnu --target=x86_64-linux-gnu
Thread model: posix
gcc version 4.8.4 (Ubuntu 4.8.4-2ubuntu1~14.04.3) 
configure:3390: $? = 0
configure:3379: gcc -V >&5
gcc: error: unrecognized command line option '-V'
gcc: fatal error: no input files
compilation terminated.
configure:3390: $? = 4
configure:3379: gcc -qversion >&5
gcc: error: unrecognized command line option '-qversion'
gcc: fatal error: no input files
compilation terminated.
configure:3390: $? = 4
configure:3410: checking whether the C compiler works
configure:3432: gcc    conftest.c  >&5
configure:3436: $? = 0
configure:3484: result: yes
configure:3487: checking for C compiler default output file name
configure:3489: result: a.out
configure:3495: checking for suffix of executables
configure:3502: gcc -o conftest    conftest.c  >&5
configure:3506: $? = 0
configure:3528: result: 
configure:3550: checking whether we are cross compiling
configure:3558: gcc -o conftest    conftest.c  >&5
configure:3562: $? = 0
configure:3569: ./conftest
configure:3573: $? = 0
configure:3588: result: no
configure:3593: checking for suffix of object files
configure:3615: gcc -c   conftest.c >&5
configure:3619: $? = 0
configure:3640: result: o
configure:3644: checking whether we are using the GNU C compiler
configure:3663: gcc -c   conftest.c >&5
configure:3663: $? = 0
configure:3672: result: yes
configure:3681: checking whether gcc accepts -g
configure:3701: gcc -c -g  conftest.c >&5
configure:3701: $? = 0
configure:3742: result: yes
configure:3759: checking for gcc option to accept ISO C89
configure:3822: gcc  -c -g -O2  conftest.c >&5
configure:3822: $? = 0
configure:3835: result: none needed
configure:3860: checking whether gcc understands -c and -o together
configure:3882: gcc -c conftest.c -o conftest2.o
configure:3885: $? = 0
configure:3882: gcc -c conftest.c -o conftest2.o
configure:3885: $? = 0
configure:3897: result: yes
configure:3916: checking dependency style of gcc
configure:4027: result: gcc3
configure:4092: checking for ar
configure:4108: found /usr/bin/ar
configure:4119: result: ar
configure:4145: checking the archiver (ar) interface
configure:4161: gcc -c -g -O2  conftest.c >&5
configure:4161: $? = 0
configure:4163: ar cru libconftest.a conftest.o >&5
configure:4166: $? = 0
configure:4194: result: ar
configure:4245: checking build system type
configure:4259: result: x86_64-unknown-linux-gnu
configure:4279: checking host system type
configure:4292: result: x86_64-unknown-linux-gnu
configure:4333: checking how to print strings
configure:4360: result: printf
configure:4381: checking for a sed that does not truncate output
configure:4445: result: /bin/sed
configure:4463: checking for grep that handles long lines and -e
configure:4521: result: /bin/grep
configure:4526: checking for egrep
configure:4588: result: /bin/grep -E
configure:4593: checking for fgrep
configure:4655: result: /bin/grep -F
configure:4690: checking for ld used by gcc
configure:4757: result: /usr/bin/ld
configure:4764: checking if the linker (/usr/bin/ld) is GNU ld
configure:4779: result: yes
configure:4791: checking for BSD- or MS-compatible name lister (nm)
configure:4840: result: /usr/bin/nm -B
configure:4970: checking the name lister (/usr/bin/nm -B) interface
configure:4977: gcc -c -g -O2  conftest.c >&5
configure:4980: /usr/bin/nm -B "conftest.o"
configure:4983: output
0000000000000000 B some_variable
configure:4990: result: BSD nm
configure:4993: checking whether ln -s works
configure:4997: result: yes
configure:5005: checking the maximum length of command line arguments
configure:5136: result: 1572864
configure:5153: checking whether the shell understands some XSI constructs
configure:5163: result: yes
configure:5167: checking whether the shell understands "+="
configure:5173: result: yes
configure:5208: checking how to convert x86_64-unknown-linux-gnu file names to x86_64-unknown-linux-gnu format
configure:5248: result: func_convert_file_noop
configure:5255: checking how to convert x86_64-unknown-linux-gnu file names to toolchain format
configure:5275: result: func_convert_file_noop
configure:5282: checking for /usr/bin/ld option to reload object files
configure:5289: result: -r
configure:5363: checking for objdump
configure:5379: found /usr/bin/objdump
configure:5390: result: objdump
configure:5422: checking how to recognize dependent libraries
configure:5620: result: pass_all
configure:5705: checking for dlltool
configure:5735: result: no
configure:5765: checking how to associate runtime and link libraries
configure:5792: result: printf %s\n
configure:5916: checking for archiver @FILE support
configure:5933: gcc -c -g -O2  conftest.c >&5
configure:5933: $? = 0
configure:5936: ar cru libconftest.a @conftest.lst >&5
configure:5939: $? = 0
configure:5944: ar cru libconftest.a @conftest.lst >&5
ar: conftest.o: No such file or directory
configure:5947: $? = 1
configure:5959: result: @
configure:6017: checking for strip
configure:6033: found /usr/bin/strip
configure:6044: result: strip
configure:6116: checking for ranlib
configure:6132: found /usr/bin/ranlib
configure:6143: result: ranlib
configure:6245: checking command to parse /usr/bin/nm -B output from gcc object
configure:6365: gcc -c -g -O2  conftest.c >&5
configure:6368: $? = 0
configure:6372: /usr/bin/nm -B conftest.o \| sed -n -e 's/^.*[ ]\([ABCDGIRSTW][ABCDGIRSTW]*\)[ ][ ]*\([_A-Za-z][_A-Za-z0-9]*\)$/\1 \2 \2/p' | sed '/ __gnu_lto/d' \> conftest.nm
configure:6375: $? = 0
configure:6441: gcc -o conftest -g -O2   conftest.c conftstm.o >&5
configure:6444: $? = 0
configure:6482: result: ok
configure:6519: checking for sysroot
configure:6549: result: no
configure:6626: gcc -c -g -O2  conftest.c >&5
configure:6629: $? = 0
configure:6818: checking for mt
configure:6834: found /bin/mt
configure:6845: result: mt
configure:6868: checking if mt is a manifest tool
configure:6874: mt '-?'
configure:6882: result: no
configure:7524: checking how to run the C preprocessor
configure:7555: gcc -E  conftest.c
configure:7555: $? = 0
configure:7569: gcc -E  conftest.c
conftest.c:11:28: fatal error: ac_nonexistent.h: No such file or directory
 #include <ac_nonexistent.h>
                            ^
compilation terminated.
configure:7569: $? = 1
configure: failed program was:
| /* confdefs.h */
| #define PACKAGE_NAME "libvmod-snw"
| #define PACKAGE_TARNAME "vmod-snw"
| #define PACKAGE_VERSION "0.1"
| #define PACKAGE_STRING "libvmod-snw 0.1"
| #define PACKAGE_BUGREPORT ""
| #define PACKAGE_URL ""
| #define PACKAGE "vmod-snw"
| #define VERSION "0.1"
| /* end confdefs.h.  */
| #include <ac_nonexistent.h>
configure:7594: result: gcc -E
configure:7614: gcc -E  conftest.c
configure:7614: $? = 0
configure:7628: gcc -E  conftest.c
conftest.c:11:28: fatal error: ac_nonexistent.h: No such file or directory
 #include <ac_nonexistent.h>
                            ^
compilation terminated.
configure:7628: $? = 1
configure: failed program was:
| /* confdefs.h */
| #define PACKAGE_NAME "libvmod-snw"
| #define PACKAGE_TARNAME "vmod-snw"
| #define PACKAGE_VERSION "0.1"
| #define PACKAGE_STRING "libvmod-snw 0.1"
| #define PACKAGE_BUGREPORT ""
| #define PACKAGE_URL ""
| #define PACKAGE "vmod-snw"
| #define VERSION "0.1"
| /* end confdefs.h.  */
| #include <ac_nonexistent.h>
configure:7657: checking for ANSI C header files
configure:7677: gcc -c -g -O2  conftest.c >&5
configure:7677: $? = 0
configure:7750: gcc -o conftest -g -O2   conftest.c  >&5
configure:7750: $? = 0
configure:7750: ./conftest
configure:7750: $? = 0
configure:7761: result: yes
configure:7774: checking for sys/types.h
configure:7774: gcc -c -g -O2  conftest.c >&5
configure:7774: $? = 0
configure:7774: result: yes
configure:7774: checking for sys/stat.h
configure:7774: gcc -c -g -O2  conftest.c >&5
configure:7774: $? = 0
configure:7774: result: yes
configure:7774: checking for stdlib.h
configure:7774: gcc -c -g -O2  conftest.c >&5
configure:7774: $? = 0
configure:7774: result: yes
configure:7774: checking for string.h
configure:7774: gcc -c -g -O2  conftest.c >&5
configure:7774: $? = 0
configure:7774: result: yes
configure:7774: checking for memory.h
configure:7774: gcc -c -g -O2  conftest.c >&5
configure:7774: $? = 0
configure:7774: result: yes
configure:7774: checking for strings.h
configure:7774: gcc -c -g -O2  conftest.c >&5
configure:7774: $? = 0
configure:7774: result: yes
configure:7774: checking for inttypes.h
configure:7774: gcc -c -g -O2  conftest.c >&5
configure:7774: $? = 0
configure:7774: result: yes
configure:7774: checking for stdint.h
configure:7774: gcc -c -g -O2  conftest.c >&5
configure:7774: $? = 0
configure:7774: result: yes
configure:7774: checking for unistd.h
configure:7774: gcc -c -g -O2  conftest.c >&5
configure:7774: $? = 0
configure:7774: result: yes
configure:7788: checking for dlfcn.h
configure:7788: gcc -c -g -O2  conftest.c >&5
configure:7788: $? = 0
configure:7788: result: yes
configure:7992: checking for objdir
configure:8007: result: .libs
configure:8278: checking if gcc supports -fno-rtti -fno-exceptions
configure:8296: gcc -c -g -O2  -fno-rtti -fno-exceptions conftest.c >&5
cc1: warning: command line option '-fno-rtti' is valid for C++/ObjC++ but not for C [enabled by default]
configure:8300: $? = 0
configure:8313: result: no
configure:8640: checking for gcc option to produce PIC
configure:8647: result: -fPIC -DPIC
configure:8655: checking if gcc PIC flag -fPIC -DPIC works
configure:8673: gcc -c -g -O2  -fPIC -DPIC -DPIC conftest.c >&5
configure:8677: $? = 0
configure:8690: result: yes
configure:8719: checking if gcc static flag -static works
configure:8747: result: yes
configure:8762: checking if gcc supports -c -o file.o
configure:8783: gcc -c -g -O2  -o out/conftest2.o conftest.c >&5
configure:8787: $? = 0
configure:8809: result: yes
configure:8817: checking if gcc supports -c -o file.o
configure:8864: result: yes
configure:8897: checking whether the gcc linker (/usr/bin/ld -m elf_x86_64) supports shared libraries
configure:10054: result: yes
configure:10091: checking whether -lc should be explicitly linked in
configure:10099: gcc -c -g -O2  conftest.c >&5
configure:10102: $? = 0
configure:10117: gcc -shared  -fPIC -DPIC conftest.o  -v -Wl,-soname -Wl,conftest -o conftest 2\>\&1 \| /bin/grep  -lc  \>/dev/null 2\>\&1
configure:10120: $? = 0
configure:10134: result: no
configure:10294: checking dynamic linker characteristics
configure:10794: gcc -o conftest -g -O2   -Wl,-rpath -Wl,/foo conftest.c  >&5
configure:10794: $? = 0
configure:11028: result: GNU/Linux ld.so
configure:11135: checking how to hardcode library paths into programs
configure:11160: result: immediate
configure:11254: checking for shl_load
configure:11254: gcc -o conftest -g -O2   conftest.c  >&5
/tmp/ccqdlYTX.o: In function `main':
/media/truecrypt8/LoadBalancer/snw/libvmod-snw/conftest.c:57: undefined reference to `shl_load'
collect2: error: ld returned 1 exit status
configure:11254: $? = 1
configure: failed program was:
| /* confdefs.h */
| #define PACKAGE_NAME "libvmod-snw"
| #define PACKAGE_TARNAME "vmod-snw"
| #define PACKAGE_VERSION "0.1"
| #define PACKAGE_STRING "libvmod-snw 0.1"
| #define PACKAGE_BUGREPORT ""
| #define PACKAGE_URL ""
| #define PACKAGE "vmod-snw"
| #define VERSION "0.1"
| #define STDC_HEADERS 1
| #define HAVE_SYS_TYPES_H 1
| #define HAVE_SYS_STAT_H 1
| #define HAVE_STDLIB_H 1
| #define HAVE_STRING_H 1
| #define HAVE_MEMORY_H 1
| #define HAVE_STRINGS_H 1
| #define HAVE_INTTYPES_H 1
| #define HAVE_STDINT_H 1
| #define HAVE_UNISTD_H 1
| #define HAVE_DLFCN_H 1
| #define LT_OBJDIR ".libs/"
| /* end confdefs.h.  */
| /* Define shl_load to an innocuous variant, in case <limits.h> declares shl_load.
|    For example, HP-UX 11i <limits.h> declares gettimeofday.  */
| #define shl_load innocuous_shl_load
| 
| /* System header to define __stub macros and hopefully few prototypes,
|     which can conflict with char shl_load (); below.
|     Prefer <limits.h> to <assert.h> if __STDC__ is defined, since
|     <limits.h> exists even on freestanding compilers.  */
| 
| #ifdef __STDC__
| # include <limits.h>
| #else
| # include <assert.h>
| #endif
| 
| #undef shl_load
| 
| /* Override any GCC internal prototype to avoid an error.
|    Use char because int might match the return type of a GCC
|    builtin and then its argument prototype would still apply.  */
| #ifdef __cplusplus
| extern "C"
| #endif
| char shl_load ();
| /* The GNU C library defines this for functions which it implements
|     to always fail with ENOSYS.  Some functions are actually named
|     something starting with __ and the normal name is an alias.  */
| #if defined __stub_shl_load || defined __stub___shl_load
| choke me
| #endif
| 
| int
| main ()
| {
| return shl_load ();
|   ;
|   return 0;
| }
configure:11254: result: no
configure:11258: checking for shl_load in -ldld
configure:11283: gcc -o conftest -g -O2   conftest.c -ldld   >&5
/usr/bin/ld: cannot find -ldld
collect2: error: ld returned 1 exit status
configure:11283: $? = 1
configure: failed program was:
| /* confdefs.h */
| #define PACKAGE_NAME "libvmod-snw"
| #define PACKAGE_TARNAME "vmod-snw"
| #define PACKAGE_VERSION "0.1"
| #define PACKAGE_STRING "libvmod-snw 0.1"
| #define PACKAGE_BUGREPORT ""
| #define PACKAGE_URL ""
| #define PACKAGE "vmod-snw"
| #define VERSION "0.1"
| #define STDC_HEADERS 1
| #define HAVE_SYS_TYPES_H 1
| #define HAVE_SYS_STAT_H 1
| #define HAVE_STDLIB_H 1
| #define HAVE_STRING_H 1
| #define HAVE_MEMORY_H 1
| #define HAVE_STRINGS_H 1
| #define HAVE_INTTYPES_H 1
| #define HAVE_STDINT_H 1
| #define HAVE_UNISTD_H 1
| #define HAVE_DLFCN_H 1
| #define LT_OBJDIR ".libs/"
| /* end confdefs.h.  */
| 
| /* Override any GCC internal prototype to avoid an error.
|    Use char because int might match the return type of a GCC
|    builtin and then its argument prototype would still apply.  */
| #ifdef __cplusplus
| extern "C"
| #endif
| char shl_load ();
| int
| main ()
| {
| return shl_load ();
|   ;
|   return 0;
| }
configure:11292: result: no
configure:11297: checking for dlopen
configure:11297: gcc -o conftest -g -O2   conftest.c  >&5
/tmp/ccYU9E43.o: In function `main':
/media/truecrypt8/LoadBalancer/snw/libvmod-snw/conftest.c:57: undefined reference to `dlopen'
collect2: error: ld returned 1 exit status
configure:11297: $? = 1
configure: failed program was:
| /* confdefs.h */
| #define PACKAGE_NAME "libvmod-snw"
| #define PACKAGE_TARNAME "vmod-snw"
| #define PACKAGE_VERSION "0.1"
| #define PACKAGE_STRING "libvmod-snw 0.1"
| #define PACKAGE_BUGREPORT ""
| #define PACKAGE_URL ""
| #define PACKAGE "vmod-snw"
| #define VERSION "0.1"
| #define STDC_HEADERS 1
| #define HAVE_SYS_TYPES_H 1
| #define HAVE_SYS_STAT_H 1
| #define HAVE_STDLIB_H 1
| #define HAVE_STRING_H 1
| #define HAVE_MEMORY_H 1
| #define HAVE_STRINGS_H 1
| #define HAVE_INTTYPES_H 1
| #define HAVE_STDINT_H 1
| #define HAVE_UNISTD_H 1
| #define HAVE_DLFCN_H 1
| #define LT_OBJDIR ".libs/"
| /* end confdefs.h.  */
| /* Define dlopen to an innocuous variant, in case <limits.h> declares dlopen.
|    For example, HP-UX 11i <limits.h> declares gettimeofday.  */
| #define dlopen innocuous_dlopen
| 
| /* System header to define __stub macros and hopefully few prototypes,
|     which can conflict with char dlopen (); below.
|     Prefer <limits.h> to <assert.h> if __STDC__ is defined, since
|     <limits.h> exists even on freestanding compilers.  */
| 
| #ifdef __STDC__
| # include <limits.h>
| #else
| # include <assert.h>
| #endif
| 
| #undef dlopen
| 
| /* Override any GCC internal prototype to avoid an error.
|    Use char because int might match the return type of a GCC
|    builtin and then its argument prototype would still apply.  */
| #ifdef __cplusplus
| extern "C"
| #endif
| char dlopen ();
| /* The GNU C library defines this for functions which it implements
|     to always fail with ENOSYS.  Some functions are actually named
|     something starting with __ and the normal name is an alias.  */
| #if defined __stub_dlopen || defined __stub___dlopen
| choke me
| #endif
| 
| int
| main ()
| {
| return dlopen ();
|   ;
|   return 0;
| }
configure:11297: result: no
configure:11301: checking for dlopen in -ldl
configure:11326: gcc -o conftest -g -O2   conftest.c -ldl   >&5
configure:11326: $? = 0
configure:11335: result: yes
configure:11454: checking whether a program can dlopen itself
configure:11534: gcc -o conftest -g -O2  -DHAVE_DLFCN_H  -Wl,--export-dynamic conftest.c -ldl  >&5
configure:11537: $? = 0
configure:11555: result: yes
configure:11560: checking whether a statically linked program can dlopen itself
configure:11640: gcc -o conftest -g -O2  -DHAVE_DLFCN_H  -Wl,--export-dynamic -static conftest.c -ldl  >&5
/tmp/ccokmEM8.o: In function `main':
/media/truecrypt8/LoadBalancer/snw/libvmod-snw/configure:11619: warning: Using 'dlopen' in statically linked applications requires at runtime the shared libraries from the glibc version used for linking
/usr/bin/ld: dynamic STT_GNU_IFUNC symbol `strcmp' with pointer equality in `/usr/lib/gcc/x86_64-linux-gnu/4.8/../../../x86_64-linux-gnu/libc.a(strcmp.o)' can not be used when making an executable; recompile with -fPIE and relink with -pie
collect2: error: ld returned 1 exit status
configure:11643: $? = 1
configure:11661: result: no
configure:11700: checking whether stripping libraries is possible
configure:11705: result: yes
configure:11740: checking if libtool supports shared libraries
configure:11742: result: yes
configure:11745: checking whether to build shared libraries
configure:11766: result: yes
configure:11769: checking whether to build static libraries
configure:11773: result: no
configure:11994: checking whether gcc is Clang
configure:12019: result: no
configure:12142: checking whether pthreads work with -pthread
configure:12236: gcc -o conftest -g -O2 -pthread   conftest.c   >&5
configure:12236: $? = 0
configure:12245: result: yes
configure:12264: checking for joinable pthread attribute
configure:12282: gcc -o conftest -g -O2 -pthread   conftest.c   >&5
configure:12282: $? = 0
configure:12290: result: PTHREAD_CREATE_JOINABLE
configure:12304: checking whether more special flags are required for pthreads
configure:12317: result: no
configure:12325: checking for PTHREAD_PRIO_INHERIT
configure:12341: gcc -o conftest -g -O2 -pthread   conftest.c   >&5
configure:12341: $? = 0
configure:12350: result: yes
configure:12466: checking for rst2man
configure:12482: found /usr/bin/rst2man
configure:12493: result: rst2man
configure:12564: checking for pkg-config
configure:12582: found /usr/bin/pkg-config
configure:12594: result: /usr/bin/pkg-config
configure:12619: checking pkg-config is at least version 0.21
configure:12622: result: yes
configure:12633: checking for VARNISHAPI
configure:12640: $PKG_CONFIG --exists --print-errors "varnishapi"
configure:12643: $? = 0
configure:12657: $PKG_CONFIG --exists --print-errors "varnishapi"
configure:12660: $? = 0
configure:12718: result: yes
configure:12730: $PKG_CONFIG --exists --print-errors "varnishapi"
configure:12733: $? = 0
configure:12753: $PKG_CONFIG --exists --print-errors "varnishapi"
configure:12756: $? = 0
configure:12776: $PKG_CONFIG --exists --print-errors "varnishapi"
configure:12779: $? = 0
configure:12799: $PKG_CONFIG --exists --print-errors "varnishapi"
configure:12802: $? = 0
configure:12822: $PKG_CONFIG --exists --print-errors "varnishapi"
configure:12825: $? = 0
configure:12845: $PKG_CONFIG --exists --print-errors "varnishapi"
configure:12848: $? = 0
configure:12868: $PKG_CONFIG --exists --print-errors "varnishapi"
configure:12871: $? = 0
configure:12892: $PKG_CONFIG --exists --print-errors "varnishapi"
configure:12895: $? = 0
configure:12933: checking for explicit_bzero
configure:12933: gcc -o conftest -g -O2 -pthread   conftest.c   >&5
/tmp/ccGx78Ap.o: In function `main':
/media/truecrypt8/LoadBalancer/snw/libvmod-snw/conftest.c:59: undefined reference to `explicit_bzero'
collect2: error: ld returned 1 exit status
configure:12933: $? = 1
configure: failed program was:
| /* confdefs.h */
| #define PACKAGE_NAME "libvmod-snw"
| #define PACKAGE_TARNAME "vmod-snw"
| #define PACKAGE_VERSION "0.1"
| #define PACKAGE_STRING "libvmod-snw 0.1"
| #define PACKAGE_BUGREPORT ""
| #define PACKAGE_URL ""
| #define PACKAGE "vmod-snw"
| #define VERSION "0.1"
| #define STDC_HEADERS 1
| #define HAVE_SYS_TYPES_H 1
| #define HAVE_SYS_STAT_H 1
| #define HAVE_STDLIB_H 1
| #define HAVE_STRING_H 1
| #define HAVE_MEMORY_H 1
| #define HAVE_STRINGS_H 1
| #define HAVE_INTTYPES_H 1
| #define HAVE_STDINT_H 1
| #define HAVE_UNISTD_H 1
| #define HAVE_DLFCN_H 1
| #define LT_OBJDIR ".libs/"
| #define HAVE_PTHREAD_PRIO_INHERIT 1
| #define HAVE_PTHREAD 1
| /* end confdefs.h.  */
| /* Define explicit_bzero to an innocuous variant, in case <limits.h> declares explicit_bzero.
|    For example, HP-UX 11i <limits.h> declares gettimeofday.  */
| #define explicit_bzero innocuous_explicit_bzero
| 
| /* System header to define __stub macros and hopefully few prototypes,
|     which can conflict with char explicit_bzero (); below.
|     Prefer <limits.h> to <assert.h> if __STDC__ is defined, since
|     <limits.h> exists even on freestanding compilers.  */
| 
| #ifdef __STDC__
| # include <limits.h>
| #else
| # include <assert.h>
| #endif
| 
| #undef explicit_bzero
| 
| /* Override any GCC internal prototype to avoid an error.
|    Use char because int might match the return type of a GCC
|    builtin and then its argument prototype would still apply.  */
| #ifdef __cplusplus
| extern "C"
| #endif
| char explicit_bzero ();
| /* The GNU C library defines this for functions which it implements
|     to always fail with ENOSYS.  Some functions are actually named
|     something starting with __ and the normal name is an alias.  */
| #if defined __stub_explicit_bzero || defined __stub___explicit_bzero
| choke me
| #endif
| 
| int
| main ()
| {
| return explicit_bzero ();
|   ;
|   return 0;
| }
configure:12933: result: no
configure:12946: checking for Varnish
configure:12948: result: trunk
configure:12995: checking vsha256.h usability
configure:12995: gcc -c -g -O2 -pthread -I/usr/local/include/varnish   conftest.c >&5
configure:12995: $? = 0
configure:12995: result: yes
configure:12995: checking vsha256.h presence
configure:12995: gcc -E -I/usr/local/include/varnish   conftest.c
configure:12995: $? = 0
configure:12995: result: yes
configure:12995: checking for vsha256.h
configure:12995: result: yes
configure:12995: checking cache/cache.h usability
configure:12995: gcc -c -g -O2 -pthread -I/usr/local/include/varnish   conftest.c >&5
configure:12995: $? = 0
configure:12995: result: yes
configure:12995: checking cache/cache.h presence
configure:12995: gcc -E -I/usr/local/include/varnish   conftest.c
configure:12995: $? = 0
configure:12995: result: yes
configure:12995: checking for cache/cache.h
configure:12995: result: yes
configure:13016: checking for gcc option to accept ISO C99
configure:13165: gcc  -c -g -O2 -pthread  conftest.c >&5
conftest.c:77:29: error: expected ';', ',' or ')' before 'text'
 test_restrict (ccp restrict text)
                             ^
conftest.c: In function 'main':
conftest.c:131:18: error: expected '=', ',', ';', 'asm' or '__attribute__' before 'newvar'
   char *restrict newvar = "Another string";
                  ^
conftest.c:131:18: error: 'newvar' undeclared (first use in this function)
conftest.c:131:18: note: each undeclared identifier is reported only once for each function it appears in
conftest.c:141:3: error: 'for' loop initial declarations are only allowed in C99 mode
   for (int i = 0; i < ia->datasize; ++i)
   ^
conftest.c:141:3: note: use option -std=c99 or -std=gnu99 to compile your code
configure:13165: $? = 1
configure: failed program was:
| /* confdefs.h */
| #define PACKAGE_NAME "libvmod-snw"
| #define PACKAGE_TARNAME "vmod-snw"
| #define PACKAGE_VERSION "0.1"
| #define PACKAGE_STRING "libvmod-snw 0.1"
| #define PACKAGE_BUGREPORT ""
| #define PACKAGE_URL ""
| #define PACKAGE "vmod-snw"
| #define VERSION "0.1"
| #define STDC_HEADERS 1
| #define HAVE_SYS_TYPES_H 1
| #define HAVE_SYS_STAT_H 1
| #define HAVE_STDLIB_H 1
| #define HAVE_STRING_H 1
| #define HAVE_MEMORY_H 1
| #define HAVE_STRINGS_H 1
| #define HAVE_INTTYPES_H 1
| #define HAVE_STDINT_H 1
| #define HAVE_UNISTD_H 1
| #define HAVE_DLFCN_H 1
| #define LT_OBJDIR ".libs/"
| #define HAVE_PTHREAD_PRIO_INHERIT 1
| #define HAVE_PTHREAD 1
| #define HAVE_VSHA256_H 1
| #define HAVE_CACHE_CACHE_H 1
| /* end confdefs.h.  */
| #include <stdarg.h>
| #include <stdbool.h>
| #include <stdlib.h>
| #include <wchar.h>
| #include <stdio.h>
| 
| // Check varargs macros.  These examples are taken from C99 6.10.3.5.
| #define debug(...) fprintf (stderr, __VA_ARGS__)
| #define showlist(...) puts (#__VA_ARGS__)
| #define report(test,...) ((test) ? puts (#test) : printf (__VA_ARGS__))
| static void
| test_varargs_macros (void)
| {
|   int x = 1234;
|   int y = 5678;
|   debug ("Flag");
|   debug ("X = %d\n", x);
|   showlist (The first, second, and third items.);
|   report (x>y, "x is %d but y is %d", x, y);
| }
| 
| // Check long long types.
| #define BIG64 18446744073709551615ull
| #define BIG32 4294967295ul
| #define BIG_OK (BIG64 / BIG32 == 4294967297ull && BIG64 % BIG32 == 0)
| #if !BIG_OK
|   your preprocessor is broken;
| #endif
| #if BIG_OK
| #else
|   your preprocessor is broken;
| #endif
| static long long int bignum = -9223372036854775807LL;
| static unsigned long long int ubignum = BIG64;
| 
| struct incomplete_array
| {
|   int datasize;
|   double data[];
| };
| 
| struct named_init {
|   int number;
|   const wchar_t *name;
|   double average;
| };
| 
| typedef const char *ccp;
| 
| static inline int
| test_restrict (ccp restrict text)
| {
|   // See if C++-style comments work.
|   // Iterate through items via the restricted pointer.
|   // Also check for declarations in for loops.
|   for (unsigned int i = 0; *(text+i) != '\0'; ++i)
|     continue;
|   return 0;
| }
| 
| // Check varargs and va_copy.
| static void
| test_varargs (const char *format, ...)
| {
|   va_list args;
|   va_start (args, format);
|   va_list args_copy;
|   va_copy (args_copy, args);
| 
|   const char *str;
|   int number;
|   float fnumber;
| 
|   while (*format)
|     {
|       switch (*format++)
| 	{
| 	case 's': // string
| 	  str = va_arg (args_copy, const char *);
| 	  break;
| 	case 'd': // int
| 	  number = va_arg (args_copy, int);
| 	  break;
| 	case 'f': // float
| 	  fnumber = va_arg (args_copy, double);
| 	  break;
| 	default:
| 	  break;
| 	}
|     }
|   va_end (args_copy);
|   va_end (args);
| }
| 
| int
| main ()
| {
| 
|   // Check bool.
|   _Bool success = false;
| 
|   // Check restrict.
|   if (test_restrict ("String literal") == 0)
|     success = true;
|   char *restrict newvar = "Another string";
| 
|   // Check varargs.
|   test_varargs ("s, d' f .", "string", 65, 34.234);
|   test_varargs_macros ();
| 
|   // Check flexible array members.
|   struct incomplete_array *ia =
|     malloc (sizeof (struct incomplete_array) + (sizeof (double) * 10));
|   ia->datasize = 10;
|   for (int i = 0; i < ia->datasize; ++i)
|     ia->data[i] = i * 1.234;
| 
|   // Check named initializers.
|   struct named_init ni = {
|     .number = 34,
|     .name = L"Test wide string",
|     .average = 543.34343,
|   };
| 
|   ni.number = 58;
| 
|   int dynamic_array[ni.number];
|   dynamic_array[ni.number - 1] = 543;
| 
|   // work around unused variable warnings
|   return (!success || bignum == 0LL || ubignum == 0uLL || newvar[0] == 'x'
| 	  || dynamic_array[ni.number - 1] != 543);
| 
|   ;
|   return 0;
| }
configure:13165: gcc -std=gnu99 -c -g -O2 -pthread  conftest.c >&5
configure:13165: $? = 0
configure:13185: result: -std=gnu99
configure:13241: checking for a Python interpreter with version >= 2.7
configure:13258: python -c import sys # split strings by '.' and convert to numeric. Append some zeros # because we need at least 4 digits for the hex conversion. # map returns an iterator in Python 3.0 and a list in 2.x minver = list(map(int, '2.7'.split('.'))) + [0, 0, 0] minverhex = 0 # xrange is not present in Python 3.0 and range returns an iterator for i in list(range(0, 4)): minverhex = (minverhex << 8) + minver[i] sys.exit(sys.hexversion < minverhex)
configure:13261: $? = 0
configure:13267: result: python
configure:13275: checking for python
configure:13293: found /usr/bin/python
configure:13305: result: /usr/bin/python
configure:13325: checking for python version
configure:13332: result: 2.7
configure:13344: checking for python platform
configure:13351: result: linux2
configure:13377: checking for python script directory
configure:13412: result: ${prefix}/lib/python2.7/dist-packages
configure:13421: checking for python extension module directory
configure:13456: result: ${exec_prefix}/lib/python2.7/dist-packages
configure:13553: $PKG_CONFIG --exists --print-errors "varnishapi"
configure:13556: $? = 0
configure:13685: checking that generated files are newer than configure
configure:13691: result: done
configure:13714: creating ./config.status

## ---------------------- ##
## Running config.status. ##
## ---------------------- ##

This file was extended by libvmod-snw config.status 0.1, which was
generated by GNU Autoconf 2.69.  Invocation command line was

  CONFIG_FILES    = 
  CONFIG_HEADERS  = 
  CONFIG_LINKS    = 
  CONFIG_COMMANDS = 
  $ ./config.status 

on TruongLX

config.status:1154: creating Makefile
config.status:1154: creating src/Makefile
config.status:1154: creating config.h
config.status:1335: config.h is unchanged
config.status:1383: executing depfiles commands
config.status:1383: executing libtool commands

## ---------------- ##
## Cache variables. ##
## ---------------- ##

ac_cv_build=x86_64-unknown-linux-gnu
ac_cv_c_compiler_gnu=yes
ac_cv_env_CC_set=
ac_cv_env_CC_value=
ac_cv_env_CFLAGS_set=
ac_cv_env_CFLAGS_value=
ac_cv_env_CPPFLAGS_set=
ac_cv_env_CPPFLAGS_value=
ac_cv_env_CPP_set=
ac_cv_env_CPP_value=
ac_cv_env_LDFLAGS_set=
ac_cv_env_LDFLAGS_value=
ac_cv_env_LIBS_set=
ac_cv_env_LIBS_value=
ac_cv_env_LIBVARNISHAPI_LIBDIR_set=
ac_cv_env_LIBVARNISHAPI_LIBDIR_value=
ac_cv_env_PKG_CONFIG_LIBDIR_set=
ac_cv_env_PKG_CONFIG_LIBDIR_value=
ac_cv_env_PKG_CONFIG_PATH_set=
ac_cv_env_PKG_CONFIG_PATH_value=
ac_cv_env_PKG_CONFIG_set=
ac_cv_env_PKG_CONFIG_value=
ac_cv_env_PYTHON_set=
ac_cv_env_PYTHON_value=
ac_cv_env_VARNISHAPI_BINDIR_set=
ac_cv_env_VARNISHAPI_BINDIR_value=
ac_cv_env_VARNISHAPI_CFLAGS_set=
ac_cv_env_VARNISHAPI_CFLAGS_value=
ac_cv_env_VARNISHAPI_DATAROOTDIR_set=
ac_cv_env_VARNISHAPI_DATAROOTDIR_value=
ac_cv_env_VARNISHAPI_LIBDIR_set=
ac_cv_env_VARNISHAPI_LIBDIR_value=
ac_cv_env_VARNISHAPI_LIBS_set=
ac_cv_env_VARNISHAPI_LIBS_value=
ac_cv_env_VARNISHAPI_PREFIX_set=
ac_cv_env_VARNISHAPI_PREFIX_value=
ac_cv_env_VARNISHAPI_SBINDIR_set=
ac_cv_env_VARNISHAPI_SBINDIR_value=
ac_cv_env_VARNISHAPI_VCLDIR_set=
ac_cv_env_VARNISHAPI_VCLDIR_value=
ac_cv_env_VARNISHAPI_VMODDIR_set=
ac_cv_env_VARNISHAPI_VMODDIR_value=
ac_cv_env_VMODTOOL_set=
ac_cv_env_VMODTOOL_value=
ac_cv_env_build_alias_set=
ac_cv_env_build_alias_value=
ac_cv_env_host_alias_set=
ac_cv_env_host_alias_value=
ac_cv_env_target_alias_set=
ac_cv_env_target_alias_value=
ac_cv_func_dlopen=no
ac_cv_func_explicit_bzero=no
ac_cv_func_shl_load=no
ac_cv_header_cache_cache_h=yes
ac_cv_header_dlfcn_h=yes
ac_cv_header_inttypes_h=yes
ac_cv_header_memory_h=yes
ac_cv_header_stdc=yes
ac_cv_header_stdint_h=yes
ac_cv_header_stdlib_h=yes
ac_cv_header_string_h=yes
ac_cv_header_strings_h=yes
ac_cv_header_sys_stat_h=yes
ac_cv_header_sys_types_h=yes
ac_cv_header_unistd_h=yes
ac_cv_header_vsha256_h=yes
ac_cv_host=x86_64-unknown-linux-gnu
ac_cv_lib_dl_dlopen=yes
ac_cv_lib_dld_shl_load=no
ac_cv_objext=o
ac_cv_path_EGREP='/bin/grep -E'
ac_cv_path_FGREP='/bin/grep -F'
ac_cv_path_GREP=/bin/grep
ac_cv_path_PYTHON=/usr/bin/python
ac_cv_path_SED=/bin/sed
ac_cv_path_ac_pt_PKG_CONFIG=/usr/bin/pkg-config
ac_cv_path_install='/usr/bin/install -c'
ac_cv_path_mkdir=/bin/mkdir
ac_cv_prog_AWK=mawk
ac_cv_prog_CPP='gcc -E'
ac_cv_prog_RST2MAN=rst2man
ac_cv_prog_ac_ct_AR=ar
ac_cv_prog_ac_ct_CC=gcc
ac_cv_prog_ac_ct_MANIFEST_TOOL=mt
ac_cv_prog_ac_ct_OBJDUMP=objdump
ac_cv_prog_ac_ct_RANLIB=ranlib
ac_cv_prog_ac_ct_STRIP=strip
ac_cv_prog_cc_c89=
ac_cv_prog_cc_c99=-std=gnu99
ac_cv_prog_cc_g=yes
ac_cv_prog_make_make_set=yes
am_cv_CC_dependencies_compiler_type=gcc3
am_cv_ar_interface=ar
am_cv_make_support_nested_variables=yes
am_cv_pathless_PYTHON=python
am_cv_prog_cc_c_o=yes
am_cv_python_platform=linux2
am_cv_python_pyexecdir='${exec_prefix}/lib/python2.7/dist-packages'
am_cv_python_pythondir='${prefix}/lib/python2.7/dist-packages'
am_cv_python_version=2.7
ax_cv_PTHREAD_CLANG=no
ax_cv_PTHREAD_JOINABLE_ATTR=PTHREAD_CREATE_JOINABLE
ax_cv_PTHREAD_PRIO_INHERIT=yes
ax_cv_PTHREAD_SPECIAL_FLAGS=no
lt_cv_ar_at_file=@
lt_cv_archive_cmds_need_lc=no
lt_cv_deplibs_check_method=pass_all
lt_cv_dlopen=dlopen
lt_cv_dlopen_libs=-ldl
lt_cv_dlopen_self=yes
lt_cv_dlopen_self_static=no
lt_cv_file_magic_cmd='$MAGIC_CMD'
lt_cv_file_magic_test_file=
lt_cv_ld_reload_flag=-r
lt_cv_nm_interface='BSD nm'
lt_cv_objdir=.libs
lt_cv_path_LD=/usr/bin/ld
lt_cv_path_NM='/usr/bin/nm -B'
lt_cv_path_mainfest_tool=no
lt_cv_prog_compiler_c_o=yes
lt_cv_prog_compiler_pic='-fPIC -DPIC'
lt_cv_prog_compiler_pic_works=yes
lt_cv_prog_compiler_rtti_exceptions=no
lt_cv_prog_compiler_static_works=yes
lt_cv_prog_gnu_ld=yes
lt_cv_sharedlib_from_linklib_cmd='printf %s\n'
lt_cv_shlibpath_overrides_runpath=no
lt_cv_sys_global_symbol_pipe='sed -n -e '\''s/^.*[	 ]\([ABCDGIRSTW][ABCDGIRSTW]*\)[	 ][	 ]*\([_A-Za-z][_A-Za-z0-9]*\)$/\1 \2 \2/p'\'' | sed '\''/ __gnu_lto/d'\'''
lt_cv_sys_global_symbol_to_c_name_address='sed -n -e '\''s/^: \([^ ]*\)[ ]*$/  {\"\1\", (void *) 0},/p'\'' -e '\''s/^[ABCDGIRSTW]* \([^ ]*\) \([^ ]*\)$/  {"\2", (void *) \&\2},/p'\'''
lt_cv_sys_global_symbol_to_c_name_address_lib_prefix='sed -n -e '\''s/^: \([^ ]*\)[ ]*$/  {\"\1\", (void *) 0},/p'\'' -e '\''s/^[ABCDGIRSTW]* \([^ ]*\) \(lib[^ ]*\)$/  {"\2", (void *) \&\2},/p'\'' -e '\''s/^[ABCDGIRSTW]* \([^ ]*\) \([^ ]*\)$/  {"lib\2", (void *) \&\2},/p'\'''
lt_cv_sys_global_symbol_to_cdecl='sed -n -e '\''s/^T .* \(.*\)$/extern int \1();/p'\'' -e '\''s/^[ABCDGIRSTW]* .* \(.*\)$/extern char \1;/p'\'''
lt_cv_sys_max_cmd_len=1572864
lt_cv_to_host_file_cmd=func_convert_file_noop
lt_cv_to_tool_file_cmd=func_convert_file_noop
pkg_cv_LIBVARNISHAPI_LIBDIR=/usr/local/lib
pkg_cv_VARNISHAPI_BINDIR=/usr/local/bin
pkg_cv_VARNISHAPI_CFLAGS='-I/usr/local/include/varnish  '
pkg_cv_VARNISHAPI_DATAROOTDIR=/usr/local/share
pkg_cv_VARNISHAPI_LIBDIR=/usr/local/lib
pkg_cv_VARNISHAPI_LIBS='-L/usr/local/lib -lvarnishapi  '
pkg_cv_VARNISHAPI_PREFIX=/usr/local
pkg_cv_VARNISHAPI_SBINDIR=/usr/local/sbin
pkg_cv_VARNISHAPI_VCLDIR=/usr/local/share/varnish/vcl
pkg_cv_VARNISHAPI_VMODDIR=/usr/local/lib/varnish/vmods
pkg_cv_VMODTOOL=/usr/local/share/varnish/vmodtool.py

## ----------------- ##
## Output variables. ##
## ----------------- ##









	$(AM_V_GEN) $(RST2MAN) vmod_snw.man.rst vmod_snw.3
	$(AM_V_VMODTOOL) $(PYTHON) $(VMODTOOL) -o vcc_snw_if $(srcdir)/vmod_snw.vcc
	rm -f vcc_snw_if.c vcc_snw_if.h
	rm -f vmod_snw.rst vmod_snw.man.rst vmod_snw.3
'
ACLOCAL='${SHELL} /media/truecrypt8/LoadBalancer/snw/libvmod-snw/build-aux/missing aclocal-1.14'
AMDEPBACKSLASH='\'
AMDEP_FALSE='#'
AMDEP_TRUE=''
AMTAR='$${TAR-tar}'
AM_BACKSLASH='\'
AM_DEFAULT_V='$(AM_DEFAULT_VERBOSITY)'
AM_DEFAULT_VERBOSITY='0'
AM_V='$(V)'
AM_V_VMODTOOL='$(am__v_VMODTOOL_$(V))'
AR='ar'
AUTOCONF='${SHELL} /media/truecrypt8/LoadBalancer/snw/libvmod-snw/build-aux/missing autoconf'
AUTOHEADER='${SHELL} /media/truecrypt8/LoadBalancer/snw/libvmod-snw/build-aux/missing autoheader'
AUTOMAKE='${SHELL} /media/truecrypt8/LoadBalancer/snw/libvmod-snw/build-aux/missing automake-1.14'
AWK='mawk'
BUILD_VMOD_SNW='
CC='gcc -std=gnu99'
CCDEPMODE='depmode=gcc3'
CFLAGS='-g -O2 -pthread'
CPP='gcc -E'
CPPFLAGS=''
CYGPATH_W='echo'
DEFS='-DHAVE_CONFIG_H'
DEPDIR='.deps'
DLLTOOL='false'
DSYMUTIL=''
DUMPBIN=''
ECHO_C=''
ECHO_N='-n'
ECHO_T=''
EGREP='/bin/grep -E'
EXEEXT=''
FGREP='/bin/grep -F'
GREP='/bin/grep'
INSTALL_DATA='${INSTALL} -m 644'
INSTALL_PROGRAM='${INSTALL}'
INSTALL_SCRIPT='${INSTALL}'
INSTALL_STRIP_PROGRAM='$(install_sh) -c -s'
LD='/usr/bin/ld -m elf_x86_64'
LDFLAGS=''
LIBOBJS=''
LIBS=' '
LIBTOOL='$(SHELL) $(top_builddir)/libtool'
LIBVARNISHAPI_LIBDIR='/usr/local/lib'
LIPO=''
LN_S='ln -s'
LTLIBOBJS=''
MAKEINFO='${SHELL} /media/truecrypt8/LoadBalancer/snw/libvmod-snw/build-aux/missing makeinfo'
MANIFEST_TOOL=':'
MKDIR_P='/bin/mkdir -p'
NM='/usr/bin/nm -B'
NMEDIT=''
OBJDUMP='objdump'
OBJEXT='o'
OTOOL64=''
OTOOL=''
PACKAGE='vmod-snw'
PACKAGE_BUGREPORT=''
PACKAGE_NAME='libvmod-snw'
PACKAGE_STRING='libvmod-snw 0.1'
PACKAGE_TARNAME='vmod-snw'
PACKAGE_URL=''
PACKAGE_VERSION='0.1'
PATH_SEPARATOR=':'
PKG_CONFIG='/usr/bin/pkg-config'
PKG_CONFIG_LIBDIR=''
PKG_CONFIG_PATH=''
PTHREAD_CC='gcc'
PTHREAD_CFLAGS='-pthread'
PTHREAD_LIBS=''
PYTHON='/usr/bin/python'
PYTHON_EXEC_PREFIX='${exec_prefix}'
PYTHON_PLATFORM='linux2'
PYTHON_PREFIX='${prefix}'
PYTHON_VERSION='2.7'
RANLIB='ranlib'
RST2MAN='rst2man'
SED='/bin/sed'
SET_MAKE=''
SHELL='/bin/bash'
STRIP='strip'
VARNISHAPI_BINDIR='/usr/local/bin'
VARNISHAPI_CFLAGS='-I/usr/local/include/varnish  '
VARNISHAPI_DATAROOTDIR='/usr/local/share'
VARNISHAPI_LIBDIR='/usr/local/lib'
VARNISHAPI_LIBS='-L/usr/local/lib -lvarnishapi  '
VARNISHAPI_PREFIX='/usr/local'
VARNISHAPI_SBINDIR='/usr/local/sbin'
VARNISHAPI_VCLDIR='/usr/local/share/varnish/vcl'
VARNISHAPI_VMODDIR='/usr/local/lib/varnish/vmods'
VARNISH_LIBRARY_PATH='/usr/local/lib:/usr/local/lib/varnish'
VARNISH_TEST_PATH='/usr/local/sbin:/usr/local/bin:/home/truonglx/Android/Sdk/platform-tools:/home/truonglx/bin:/home/truonglx/bin:/home/truonglx/Android/Sdk/platform-tools:/home/truonglx/bin:/usr/local/sbin:/usr/local/bin:/usr/sbin:/usr/bin:/sbin:/bin:/usr/games:/usr/local/games:/home/truonglx/bin:/usr/lib/jvm/java-7-openjdk-amd64/bin'
VARNISH_VERSION='trunk'
VERSION='0.1'
VMODTOOL='/usr/local/share/varnish/vmodtool.py'
VMOD_LDFLAGS='-module -export-dynamic -avoid-version -shared'
VMOD_SNW='snw from \"$(abs_builddir)/.libs/libvmod_snw.so\"'
VMOD_SNW_FILE='$(abs_builddir)/.libs/libvmod_snw.so'
VMOD_TESTS='tests/test01.vtc'
VMOD_TEST_PATH='/usr/local/sbin:/usr/local/bin:/home/truonglx/Android/Sdk/platform-tools:/home/truonglx/bin:/home/truonglx/bin:/home/truonglx/Android/Sdk/platform-tools:/home/truonglx/bin:/usr/local/sbin:/usr/local/bin:/usr/sbin:/usr/bin:/sbin:/bin:/usr/games:/usr/local/games:/home/truonglx/bin:/usr/lib/jvm/java-7-openjdk-amd64/bin'
ac_ct_AR='ar'
ac_ct_CC='gcc'
ac_ct_DUMPBIN=''
am__EXEEXT_FALSE=''
am__EXEEXT_TRUE='#'
am__fastdepCC_FALSE='#'
am__fastdepCC_TRUE=''
am__include='include'
am__isrc=''
am__leading_dot='.'
am__nodep='_no'
am__quote=''
am__tar='$${TAR-tar} chof - "$$tardir"'
am__untar='$${TAR-tar} xf -'
am__v_VMODTOOL_0='@echo "  VMODTOOL" $@;'
am__v_VMODTOOL_1=''
am__v_VMODTOOL_='$(am__v_VMODTOOL_$(AM_DEFAULT_VERBOSITY))'
ax_pthread_config=''
bindir='${exec_prefix}/bin'
build='x86_64-unknown-linux-gnu'
build_alias=''
build_cpu='x86_64'
build_os='linux-gnu'
build_vendor='unknown'
clean-vmod-snw:
clean: clean-vmod-snw
datadir='${datarootdir}'
datarootdir='${prefix}/share'
distclean: clean-vmod-snw
docdir='${datarootdir}/doc/${PACKAGE_TARNAME}'
dvidir='${docdir}'
exec_prefix='${prefix}'
host='x86_64-unknown-linux-gnu'
host_alias=''
host_cpu='x86_64'
host_os='linux-gnu'
host_vendor='unknown'
htmldir='${docdir}'
includedir='${prefix}/include'
infodir='${datarootdir}/info'
install_sh='${SHELL} /media/truecrypt8/LoadBalancer/snw/libvmod-snw/build-aux/install-sh'
libdir='/usr/local/lib'
libexecdir='${exec_prefix}/libexec'
localedir='${datarootdir}/locale'
localstatedir='${prefix}/var'
mandir='${datarootdir}/man'
mkdir_p='$(MKDIR_P)'
oldincludedir='/usr/include'
pdfdir='${docdir}'
pkgpyexecdir='${pyexecdir}/vmod-snw'
pkgpythondir='${pythondir}/vmod-snw'
pkgvcldir='${vcldir}/${PACKAGE}'
prefix='/usr/local'
program_transform_name='s,x,x,'
psdir='${docdir}'
pyexecdir='${exec_prefix}/lib/python2.7/dist-packages'
pythondir='${prefix}/lib/python2.7/dist-packages'
sbindir='${exec_prefix}/sbin'
sharedstatedir='${prefix}/com'
sysconfdir='${prefix}/etc'
target_alias=''
vcc_snw_if.c: vmod_snw.vcc
vcc_snw_if.h vmod_snw.rst vmod_snw.man.rst: vcc_snw_if.c
vcldir='${datarootdir}/varnish/vcl'
vmod_snw.3: vmod_snw.man.rst
vmod_snw.lo: vcc_snw_if.c vcc_snw_if.h
vmod_snw_vcldir='${vcldir}/snw'
vmoddir='/usr/local/lib/varnish/vmods'

## ----------- ##
## confdefs.h. ##
## ----------- ##

/* confdefs.h */
#define PACKAGE_NAME "libvmod-snw"
#define PACKAGE_TARNAME "vmod-snw"
#define PACKAGE_VERSION "0.1"
#define PACKAGE_STRING "libvmod-snw 0.1"
#define PACKAGE_BUGREPORT ""
#define PACKAGE_URL ""
#define PACKAGE "vmod-snw"
#define VERSION "0.1"
#define STDC_HEADERS 1
#define HAVE_SYS_TYPES_H 1
#define HAVE_SYS_STAT_H 1
#define HAVE_STDLIB_H 1
#define HAVE_STRING_H 1
#define HAVE_MEMORY_H 1
#define HAVE_STRINGS_H 1
#define HAVE_INTTYPES_H 1
#define HAVE_STDINT_H 1
#define HAVE_UNISTD_H 1
#define HAVE_DLFCN_H 1
#define LT_OBJDIR ".libs/"
#define HAVE_PTHREAD_PRIO_INHERIT 1
#define HAVE_PTHREAD 1
#define HAVE_VSHA256_H 1
#define HAVE_CACHE_CACHE_H 1

configure: exit 0

## ---------------------- ##
## Running config.status. ##
## ---------------------- ##

This file was extended by libvmod-snw config.status 0.1, which was
generated by GNU Autoconf 2.69.  Invocation command line was

  CONFIG_FILES    = 
  CONFIG_HEADERS  = 
  CONFIG_LINKS    = 
  CONFIG_COMMANDS = 
  $ ./config.status config.h

on TruongLX

config.status:1154: creating config.h
config.status:1335: config.h is unchanged
